<?xml version="1.0" encoding="UTF-8"?>
<coverage generated="1649155972577" clover="3.2.0">
  <project timestamp="1649155972578" name="All files">
    <metrics statements="217" coveredstatements="198" conditionals="61" coveredconditionals="44" methods="39" coveredmethods="36" elements="317" coveredelements="278" complexity="0" loc="217" ncloc="217" packages="12" files="19" classes="19"/>
    <package name="src">
      <metrics statements="46" coveredstatements="40" conditionals="5" coveredconditionals="2" methods="10" coveredmethods="8"/>
      <file name="app.ts" path="/app/src/app.ts">
        <metrics statements="46" coveredstatements="40" conditionals="5" coveredconditionals="2" methods="10" coveredmethods="8"/>
        <line num="1" count="2" type="stmt"/>
        <line num="2" count="2" type="stmt"/>
        <line num="3" count="2" type="stmt"/>
        <line num="4" count="2" type="stmt"/>
        <line num="5" count="2" type="stmt"/>
        <line num="6" count="2" type="stmt"/>
        <line num="7" count="2" type="stmt"/>
        <line num="8" count="2" type="stmt"/>
        <line num="9" count="2" type="stmt"/>
        <line num="10" count="2" type="stmt"/>
        <line num="11" count="2" type="stmt"/>
        <line num="12" count="2" type="stmt"/>
        <line num="14" count="2" type="stmt"/>
        <line num="15" count="2" type="stmt"/>
        <line num="23" count="4" type="stmt"/>
        <line num="24" count="4" type="cond" truecount="1" falsecount="1"/>
        <line num="25" count="4" type="cond" truecount="1" falsecount="1"/>
        <line num="27" count="4" type="stmt"/>
        <line num="28" count="4" type="stmt"/>
        <line num="29" count="4" type="stmt"/>
        <line num="30" count="4" type="stmt"/>
        <line num="31" count="4" type="stmt"/>
        <line num="35" count="0" type="stmt"/>
        <line num="36" count="0" type="stmt"/>
        <line num="37" count="0" type="stmt"/>
        <line num="38" count="0" type="stmt"/>
        <line num="39" count="0" type="stmt"/>
        <line num="44" count="27" type="stmt"/>
        <line num="48" count="4" type="cond" truecount="0" falsecount="1"/>
        <line num="49" count="0" type="stmt"/>
        <line num="52" count="4" type="stmt"/>
        <line num="56" count="4" type="stmt"/>
        <line num="57" count="4" type="stmt"/>
        <line num="58" count="4" type="stmt"/>
        <line num="59" count="4" type="stmt"/>
        <line num="60" count="4" type="stmt"/>
        <line num="61" count="4" type="stmt"/>
        <line num="62" count="4" type="stmt"/>
        <line num="63" count="4" type="stmt"/>
        <line num="67" count="4" type="stmt"/>
        <line num="68" count="4" type="stmt"/>
        <line num="73" count="4" type="stmt"/>
        <line num="85" count="4" type="stmt"/>
        <line num="86" count="4" type="stmt"/>
        <line num="90" count="4" type="stmt"/>
        <line num="94" count="2" type="stmt"/>
      </file>
    </package>
    <package name="src.config">
      <metrics statements="8" coveredstatements="7" conditionals="5" coveredconditionals="3" methods="0" coveredmethods="0"/>
      <file name="constants.ts" path="/app/src/config/constants.ts">
        <metrics statements="2" coveredstatements="2" conditionals="0" coveredconditionals="0" methods="0" coveredmethods="0"/>
        <line num="1" count="1" type="stmt"/>
        <line num="6" count="1" type="stmt"/>
      </file>
      <file name="index.ts" path="/app/src/config/index.ts">
        <metrics statements="6" coveredstatements="5" conditionals="5" coveredconditionals="3" methods="0" coveredmethods="0"/>
        <line num="1" count="2" type="stmt"/>
        <line num="2" count="2" type="cond" truecount="1" falsecount="1"/>
        <line num="4" count="2" type="stmt"/>
        <line num="5" count="2" type="stmt"/>
        <line num="7" count="2" type="cond" truecount="2" falsecount="1"/>
        <line num="8" count="0" type="stmt"/>
      </file>
    </package>
    <package name="src.controllers">
      <metrics statements="21" coveredstatements="19" conditionals="0" coveredconditionals="0" methods="5" coveredmethods="5"/>
      <file name="index.controller.ts" path="/app/src/controllers/index.controller.ts">
        <metrics statements="5" coveredstatements="4" conditionals="0" coveredconditionals="0" methods="2" coveredmethods="2"/>
        <line num="4" count="1" type="stmt"/>
        <line num="5" count="1" type="stmt"/>
        <line num="6" count="1" type="stmt"/>
        <line num="8" count="0" type="stmt"/>
        <line num="13" count="1" type="stmt"/>
      </file>
      <file name="movie.controller.ts" path="/app/src/controllers/movie.controller.ts">
        <metrics statements="16" coveredstatements="15" conditionals="0" coveredconditionals="0" methods="3" coveredmethods="3"/>
        <line num="3" count="1" type="stmt"/>
        <line num="6" count="3" type="stmt"/>
        <line num="7" count="3" type="stmt"/>
        <line num="8" count="4" type="stmt"/>
        <line num="9" count="4" type="stmt"/>
        <line num="10" count="4" type="stmt"/>
        <line num="12" count="4" type="stmt"/>
        <line num="14" count="0" type="stmt"/>
        <line num="17" count="3" type="stmt"/>
        <line num="18" count="18" type="stmt"/>
        <line num="19" count="18" type="stmt"/>
        <line num="21" count="18" type="stmt"/>
        <line num="22" count="18" type="stmt"/>
        <line num="23" count="15" type="stmt"/>
        <line num="25" count="3" type="stmt"/>
        <line num="30" count="1" type="stmt"/>
      </file>
    </package>
    <package name="src.databases">
      <metrics statements="2" coveredstatements="2" conditionals="0" coveredconditionals="0" methods="0" coveredmethods="0"/>
      <file name="index.ts" path="/app/src/databases/index.ts">
        <metrics statements="2" coveredstatements="2" conditionals="0" coveredconditionals="0" methods="0" coveredmethods="0"/>
        <line num="1" count="2" type="stmt"/>
        <line num="3" count="2" type="stmt"/>
      </file>
    </package>
    <package name="src.dtos">
      <metrics statements="3" coveredstatements="3" conditionals="0" coveredconditionals="0" methods="0" coveredmethods="0"/>
      <file name="movies.dto.ts" path="/app/src/dtos/movies.dto.ts">
        <metrics statements="3" coveredstatements="3" conditionals="0" coveredconditionals="0" methods="0" coveredmethods="0"/>
        <line num="1" count="1" type="stmt"/>
        <line num="3" count="1" type="stmt"/>
        <line num="5" count="1" type="stmt"/>
      </file>
    </package>
    <package name="src.exceptions">
      <metrics statements="4" coveredstatements="4" conditionals="0" coveredconditionals="0" methods="1" coveredmethods="1"/>
      <file name="HttpException.ts" path="/app/src/exceptions/HttpException.ts">
        <metrics statements="4" coveredstatements="4" conditionals="0" coveredconditionals="0" methods="1" coveredmethods="1"/>
        <line num="1" count="1" type="stmt"/>
        <line num="6" count="6" type="stmt"/>
        <line num="7" count="6" type="stmt"/>
        <line num="8" count="6" type="stmt"/>
      </file>
    </package>
    <package name="src.middlewares">
      <metrics statements="55" coveredstatements="49" conditionals="18" coveredconditionals="13" methods="7" coveredmethods="6"/>
      <file name="auth.middleware.ts" path="/app/src/middlewares/auth.middleware.ts">
        <metrics statements="18" coveredstatements="17" conditionals="6" coveredconditionals="5" methods="1" coveredmethods="1"/>
        <line num="2" count="1" type="stmt"/>
        <line num="3" count="1" type="stmt"/>
        <line num="4" count="1" type="stmt"/>
        <line num="7" count="1" type="stmt"/>
        <line num="9" count="1" type="stmt"/>
        <line num="10" count="26" type="stmt"/>
        <line num="11" count="26" type="cond" truecount="2" falsecount="0"/>
        <line num="13" count="26" type="cond" truecount="2" falsecount="0"/>
        <line num="14" count="25" type="stmt"/>
        <line num="15" count="25" type="stmt"/>
        <line num="17" count="23" type="cond" truecount="1" falsecount="1"/>
        <line num="18" count="23" type="stmt"/>
        <line num="19" count="23" type="stmt"/>
        <line num="21" count="0" type="stmt"/>
        <line num="24" count="1" type="stmt"/>
        <line num="27" count="2" type="stmt"/>
        <line num="28" count="2" type="stmt"/>
        <line num="32" count="1" type="stmt"/>
      </file>
      <file name="error.middleware.ts" path="/app/src/middlewares/error.middleware.ts">
        <metrics statements="9" coveredstatements="8" conditionals="4" coveredconditionals="2" methods="1" coveredmethods="1"/>
        <line num="3" count="2" type="stmt"/>
        <line num="5" count="2" type="stmt"/>
        <line num="6" count="6" type="stmt"/>
        <line num="7" count="6" type="cond" truecount="1" falsecount="1"/>
        <line num="8" count="6" type="cond" truecount="1" falsecount="1"/>
        <line num="10" count="6" type="stmt"/>
        <line num="11" count="6" type="stmt"/>
        <line num="13" count="0" type="stmt"/>
        <line num="17" count="2" type="stmt"/>
      </file>
      <file name="rbac.middleware.ts" path="/app/src/middlewares/rbac.middleware.ts">
        <metrics statements="17" coveredstatements="15" conditionals="2" coveredconditionals="2" methods="1" coveredmethods="1"/>
        <line num="2" count="1" type="stmt"/>
        <line num="4" count="1" type="stmt"/>
        <line num="5" count="1" type="stmt"/>
        <line num="6" count="1" type="stmt"/>
        <line num="7" count="1" type="stmt"/>
        <line num="9" count="1" type="stmt"/>
        <line num="10" count="19" type="stmt"/>
        <line num="11" count="19" type="stmt"/>
        <line num="12" count="19" type="cond" truecount="1" falsecount="0"/>
        <line num="13" count="12" type="stmt"/>
        <line num="14" count="12" type="stmt"/>
        <line num="16" count="12" type="cond" truecount="1" falsecount="0"/>
        <line num="17" count="1" type="stmt"/>
        <line num="21" count="0" type="stmt"/>
        <line num="22" count="0" type="stmt"/>
        <line num="24" count="18" type="stmt"/>
        <line num="27" count="1" type="stmt"/>
      </file>
      <file name="validation.middleware.ts" path="/app/src/middlewares/validation.middleware.ts">
        <metrics statements="11" coveredstatements="9" conditionals="6" coveredconditionals="4" methods="4" coveredmethods="3"/>
        <line num="1" count="1" type="stmt"/>
        <line num="2" count="1" type="stmt"/>
        <line num="4" count="1" type="stmt"/>
        <line num="6" count="1" type="stmt"/>
        <line num="13" count="3" type="stmt"/>
        <line num="14" count="18" type="stmt"/>
        <line num="15" count="18" type="cond" truecount="1" falsecount="1"/>
        <line num="16" count="0" type="stmt"/>
        <line num="17" count="0" type="stmt"/>
        <line num="19" count="18" type="stmt"/>
        <line num="25" count="1" type="stmt"/>
      </file>
    </package>
    <package name="src.models">
      <metrics statements="4" coveredstatements="4" conditionals="0" coveredconditionals="0" methods="0" coveredmethods="0"/>
      <file name="movies.model.ts" path="/app/src/models/movies.model.ts">
        <metrics statements="4" coveredstatements="4" conditionals="0" coveredconditionals="0" methods="0" coveredmethods="0"/>
        <line num="1" count="1" type="stmt"/>
        <line num="4" count="1" type="stmt"/>
        <line num="17" count="1" type="stmt"/>
        <line num="19" count="1" type="stmt"/>
      </file>
    </package>
    <package name="src.routes">
      <metrics statements="21" coveredstatements="21" conditionals="0" coveredconditionals="0" methods="4" coveredmethods="4"/>
      <file name="index.route.ts" path="/app/src/routes/index.route.ts">
        <metrics statements="8" coveredstatements="8" conditionals="0" coveredconditionals="0" methods="2" coveredmethods="2"/>
        <line num="1" count="1" type="stmt"/>
        <line num="2" count="1" type="stmt"/>
        <line num="6" count="1" type="stmt"/>
        <line num="7" count="1" type="stmt"/>
        <line num="8" count="1" type="stmt"/>
        <line num="11" count="1" type="stmt"/>
        <line num="15" count="1" type="stmt"/>
        <line num="19" count="1" type="stmt"/>
      </file>
      <file name="movies.route.ts" path="/app/src/routes/movies.route.ts">
        <metrics statements="13" coveredstatements="13" conditionals="0" coveredconditionals="0" methods="2" coveredmethods="2"/>
        <line num="1" count="1" type="stmt"/>
        <line num="3" count="1" type="stmt"/>
        <line num="4" count="1" type="stmt"/>
        <line num="5" count="1" type="stmt"/>
        <line num="6" count="1" type="stmt"/>
        <line num="7" count="1" type="stmt"/>
        <line num="10" count="3" type="stmt"/>
        <line num="11" count="3" type="stmt"/>
        <line num="12" count="3" type="stmt"/>
        <line num="15" count="3" type="stmt"/>
        <line num="19" count="3" type="stmt"/>
        <line num="20" count="3" type="stmt"/>
        <line num="24" count="1" type="stmt"/>
      </file>
    </package>
    <package name="src.services">
      <metrics statements="17" coveredstatements="17" conditionals="9" coveredconditionals="8" methods="6" coveredmethods="6"/>
      <file name="movie.service.ts" path="/app/src/services/movie.service.ts">
        <metrics statements="17" coveredstatements="17" conditionals="9" coveredconditionals="8" methods="6" coveredmethods="6"/>
        <line num="1" count="1" type="stmt"/>
        <line num="2" count="1" type="stmt"/>
        <line num="3" count="1" type="stmt"/>
        <line num="4" count="1" type="stmt"/>
        <line num="5" count="1" type="stmt"/>
        <line num="9" count="3" type="stmt"/>
        <line num="11" count="4" type="stmt"/>
        <line num="12" count="4" type="stmt"/>
        <line num="16" count="18" type="cond" truecount="1" falsecount="0"/>
        <line num="18" count="17" type="stmt"/>
        <line num="19" count="17" type="stmt"/>
        <line num="26" count="17" type="cond" truecount="6" falsecount="1"/>
        <line num="28" count="16" type="stmt"/>
        <line num="29" count="16" type="cond" truecount="1" falsecount="0"/>
        <line num="31" count="15" type="stmt"/>
        <line num="33" count="15" type="stmt"/>
        <line num="37" count="1" type="stmt"/>
      </file>
    </package>
    <package name="src.tests">
      <metrics statements="9" coveredstatements="9" conditionals="6" coveredconditionals="5" methods="2" coveredmethods="2"/>
      <file name="mocks.ts" path="/app/src/tests/mocks.ts">
        <metrics statements="9" coveredstatements="9" conditionals="6" coveredconditionals="5" methods="2" coveredmethods="2"/>
        <line num="1" count="1" type="stmt"/>
        <line num="6" count="1" type="stmt"/>
        <line num="8" count="1" type="stmt"/>
        <line num="25" count="1" type="stmt"/>
        <line num="26" count="2" type="stmt"/>
        <line num="27" count="2" type="stmt"/>
        <line num="45" count="1" type="stmt"/>
        <line num="46" count="2" type="stmt"/>
        <line num="47" count="2" type="stmt"/>
      </file>
    </package>
    <package name="src.utils">
      <metrics statements="27" coveredstatements="23" conditionals="18" coveredconditionals="13" methods="4" coveredmethods="4"/>
      <file name="logger.ts" path="/app/src/utils/logger.ts">
        <metrics statements="14" coveredstatements="13" conditionals="1" coveredconditionals="0" methods="2" coveredmethods="2"/>
        <line num="1" count="2" type="stmt"/>
        <line num="2" count="2" type="stmt"/>
        <line num="3" count="2" type="stmt"/>
        <line num="4" count="2" type="stmt"/>
        <line num="5" count="2" type="stmt"/>
        <line num="8" count="2" type="stmt"/>
        <line num="10" count="2" type="cond" truecount="0" falsecount="1"/>
        <line num="11" count="0" type="stmt"/>
        <line num="15" count="35" type="stmt"/>
        <line num="21" count="2" type="stmt"/>
        <line num="53" count="2" type="stmt"/>
        <line num="59" count="2" type="stmt"/>
        <line num="61" count="27" type="stmt"/>
        <line num="65" count="2" type="stmt"/>
      </file>
      <file name="util.ts" path="/app/src/utils/util.ts">
        <metrics statements="13" coveredstatements="10" conditionals="17" coveredconditionals="13" methods="2" coveredmethods="2"/>
        <line num="7" count="1" type="stmt"/>
        <line num="8" count="18" type="cond" truecount="1" falsecount="1"/>
        <line num="9" count="0" type="stmt"/>
        <line num="10" count="18" type="cond" truecount="4" falsecount="0"/>
        <line num="11" count="1" type="stmt"/>
        <line num="12" count="17" type="cond" truecount="3" falsecount="1"/>
        <line num="13" count="0" type="stmt"/>
        <line num="14" count="17" type="cond" truecount="3" falsecount="2"/>
        <line num="15" count="0" type="stmt"/>
        <line num="17" count="17" type="stmt"/>
        <line num="32" count="1" type="stmt"/>
        <line num="33" count="24" type="stmt"/>
        <line num="34" count="24" type="cond" truecount="2" falsecount="0"/>
      </file>
    </package>
  </project>
</coverage>
